<?xml version="1.0" encoding="UTF-8" ?>
<testsuite errors="0" failures="0" hostname="petra-PC" name="hr.fer.zemris.bool.MasksTest" skipped="0" tests="2" time="0.033" timestamp="2014-04-08T16:43:54">
  <properties>
    <property name="java.vendor" value="Oracle Corporation" />
    <property name="ant.file.HW04-0036473653" value="C:\tecaj_1\HW04-0036473653\build.xml" />
    <property name="sun.java.launcher" value="SUN_STANDARD" />
    <property name="sun.management.compiler" value="HotSpot 64-Bit Tiered Compilers" />
    <property name="dist" value="C:\tecaj_1\HW04-0036473653\dist" />
    <property name="os.name" value="Windows 7" />
    <property name="sun.boot.class.path" value="C:\Program Files\Java\jdk1.7.0_51\jre\lib\resources.jar;C:\Program Files\Java\jdk1.7.0_51\jre\lib\rt.jar;C:\Program Files\Java\jdk1.7.0_51\jre\lib\sunrsasign.jar;C:\Program Files\Java\jdk1.7.0_51\jre\lib\jsse.jar;C:\Program Files\Java\jdk1.7.0_51\jre\lib\jce.jar;C:\Program Files\Java\jdk1.7.0_51\jre\lib\charsets.jar;C:\Program Files\Java\jdk1.7.0_51\jre\lib\jfr.jar;C:\Program Files\Java\jdk1.7.0_51\jre\classes" />
    <property name="TODAY" value="April 8 2014" />
    <property name="findbugs.home" value="d:/usr/findbugs-2.0.3" />
    <property name="sun.desktop" value="windows" />
    <property name="java.vm.specification.vendor" value="Oracle Corporation" />
    <property name="ant.home" value="D:\usr\apache-ant-1.9.3." />
    <property name="java.runtime.version" value="1.7.0_51-b13" />
    <property name="checkstyle.jar" value="checkstyle-5.7-all.jar" />
    <property name="user.name" value="petra" />
    <property name="src.java" value="C:\tecaj_1\HW04-0036473653\src\main\java" />
    <property name="dist.lib" value="C:\tecaj_1\HW04-0036473653\dist\lib" />
    <property name="user.language" value="en" />
    <property name="build" value="C:\tecaj_1\HW04-0036473653\build" />
    <property name="sun.boot.library.path" value="C:\Program Files\Java\jdk1.7.0_51\jre\bin" />
    <property name="ant.project.default-target" value="jar" />
    <property name="ant.project.name" value="HW04-0036473653" />
    <property name="DSTAMP" value="20140408" />
    <property name="java.version" value="1.7.0_51" />
    <property name="user.timezone" value="" />
    <property name="sun.arch.data.model" value="64" />
    <property name="java.endorsed.dirs" value="C:\Program Files\Java\jdk1.7.0_51\jre\lib\endorsed" />
    <property name="sun.cpu.isalist" value="amd64" />
    <property name="ant.file.type.HW04-0036473653" value="file" />
    <property name="sun.jnu.encoding" value="Cp1252" />
    <property name="file.encoding.pkg" value="sun.io" />
    <property name="file.separator" value="\" />
    <property name="java.specification.name" value="Java Platform API Specification" />
    <property name="jacoco.home" value="d:/usr/jacoco-0.7.0" />
    <property name="checkstyle.home" value="d:/usr/checkstyle-5.7" />
    <property name="java.class.version" value="51.0" />
    <property name="src" value="C:\tecaj_1\HW04-0036473653\src" />
    <property name="user.country" value="US" />
    <property name="java.home" value="C:\Program Files\Java\jdk1.7.0_51\jre" />
    <property name="java.vm.info" value="mixed mode" />
    <property name="ant.file" value="C:\tecaj_1\HW04-0036473653\build.xml" />
    <property name="os.version" value="6.1" />
    <property name="edu.umd.cs.findbugs.FindBugs2.executeReturnCode.5b839025-f728-4b48-9a3f-d9d50df69260" value="1" />
    <property name="path.separator" value=";" />
    <property name="java.vm.version" value="24.51-b03" />
    <property name="user.variant" value="" />
    <property name="ant.library.dir" value="D:\usr\apache-ant-1.9.3\lib" />
    <property name="java.awt.printerjob" value="sun.awt.windows.WPrinterJob" />
    <property name="sun.io.unicode.encoding" value="UnicodeLittle" />
    <property name="awt.toolkit" value="sun.awt.windows.WToolkit" />
    <property name="_jacoco.agentFile" value="C:\Users\petra\AppData\Local\Temp\jacocoagent7217252540073743282.jar" />
    <property name="xalan.home" value="d:/usr/xalan-j_2_7_1" />
    <property name="user.script" value="" />
    <property name="user.home" value="C:\Users\petra" />
    <property name="java.specification.vendor" value="Oracle Corporation" />
    <property name="java.library.path" value="C:\Program Files\Java\jdk1.7.0_51\jre\bin;C:\Windows\Sun\Java\bin;C:\Windows\system32;C:\Windows;C:\Program Files (x86)\Intel\iCLS Client\;C:\Program Files\Intel\iCLS Client\;C:\Windows\system32;C:\Windows;C:\Windows\System32\Wbem;C:\Windows\System32\WindowsPowerShell\v1.0\;C:\Program Files\Intel\WiFi\bin\;C:\Program Files\Common Files\Intel\WirelessCommon\;C:\Program Files\Intel\Intel(R) Management Engine Components\DAL;C:\Program Files\Intel\Intel(R) Management Engine Components\IPT;C:\Program Files (x86)\Intel\Intel(R) Management Engine Components\DAL;C:\Program Files (x86)\Intel\Intel(R) Management Engine Components\IPT;C:\Program Files (x86)\Intel\OpenCL SDK\2.0\bin\x86;C:\Program Files (x86)\Intel\OpenCL SDK\2.0\bin\x64;C:\Program Files\MATLAB\R2013a\runtime\win64;C:\Program Files\MATLAB\R2013a\bin;C:\Program Files\Intel\WiFi\bin\;C:\Program Files\Common Files\Intel\WirelessCommon\;C:\Program Files\Java\jdk1.7.0_51\bin;C:\Program Files\Java\jdk1.7.0_51\jre\bin;D:\usr\apache-ant-1.9.3\bin;.;;.;;." />
    <property name="java.vendor.url" value="http://java.oracle.com/" />
    <property name="java.vm.vendor" value="Oracle Corporation" />
    <property name="java.runtime.name" value="Java(TM) SE Runtime Environment" />
    <property name="sun.java.command" value="org.apache.tools.ant.taskdefs.optional.junit.JUnitTestRunner testsfile=C:\tecaj_1\HW04-0036473653\junittestcases2957261576751936693.properties skipNonTests=false filtertrace=true haltOnError=false haltOnFailure=true formatter=org.apache.tools.ant.taskdefs.optional.junit.SummaryJUnitResultFormatter showoutput=false outputtoformatters=true logfailedtests=true logtestlistenerevents=false formatter=org.apache.tools.ant.taskdefs.optional.junit.PlainJUnitResultFormatter,C:\tecaj_1\HW04-0036473653\dist\test-reports\xml\IGNORETHIS.txt formatter=org.apache.tools.ant.taskdefs.optional.junit.XMLJUnitResultFormatter,C:\tecaj_1\HW04-0036473653\dist\test-reports\xml\IGNORETHIS.xml crashfile=C:\tecaj_1\HW04-0036473653\junitvmwatcher7277190694653136865.properties propsfile=C:\tecaj_1\HW04-0036473653\junit545957317939730336.properties" />
    <property name="java.class.path" value="C:\tecaj_1\HW04-0036473653\build\classes;C:\tecaj_1\HW04-0036473653\build\tests;d:\usr\junit-4.11\hamcrest-core-1.3.jar;d:\usr\junit-4.11\junit-4.11.jar;D:\usr\apache-ant-1.9.3\lib\ant-launcher.jar;D:\usr\apache-ant-1.9.3\lib\ant.jar;D:\usr\apache-ant-1.9.3\lib\ant-junit.jar;D:\usr\apache-ant-1.9.3\lib\ant-junit4.jar;C:\Users\petra\AppData\Local\Temp\jacocoagent7217252540073743282.jar" />
    <property name="ant.version" value="Apache Ant(TM) version 1.9.3 compiled on December 23 2013" />
    <property name="TSTAMP" value="1843" />
    <property name="java.vm.specification.name" value="Java Virtual Machine Specification" />
    <property name="ant.file.type" value="file" />
    <property name="program" value="hr.fer.zemris.bool" />
    <property name="java.vm.specification.version" value="1.7" />
    <property name="build.classes" value="C:\tecaj_1\HW04-0036473653\build\classes" />
    <property name="sun.cpu.endian" value="little" />
    <property name="sun.os.patch.level" value="Service Pack 1" />
    <property name="src.test" value="C:\tecaj_1\HW04-0036473653\src\test\java" />
    <property name="java.io.tmpdir" value="C:\Users\petra\AppData\Local\Temp\" />
    <property name="pmd.home" value="d:/usr/pmd-bin-5.1.0" />
    <property name="java.vendor.url.bug" value="http://bugreport.sun.com/bugreport/" />
    <property name="java.awt.graphicsenv" value="sun.awt.Win32GraphicsEnvironment" />
    <property name="os.arch" value="amd64" />
    <property name="java.ext.dirs" value="C:\Program Files\Java\jdk1.7.0_51\jre\lib\ext;C:\Windows\Sun\Java\lib\ext" />
    <property name="user.dir" value="C:\tecaj_1\HW04-0036473653" />
    <property name="line.separator" value="&#xd;&#xa;" />
    <property name="java.vm.name" value="Java HotSpot(TM) 64-Bit Server VM" />
    <property name="basedir" value="C:\tecaj_1\HW04-0036473653" />
    <property name="junit.home" value="d:/usr/junit-4.11" />
    <property name="ant.java.version" value="1.7" />
    <property name="ant.core.lib" value="D:\usr\apache-ant-1.9.3\lib\ant.jar" />
    <property name="checkstyle.style" value="sun_checks.xml" />
    <property name="file.encoding" value="Cp1252" />
    <property name="build.test" value="C:\tecaj_1\HW04-0036473653\build\tests" />
    <property name="java.specification.version" value="1.7" />
    <property name="ant.project.invoked-targets" value="reports" />
  </properties>
  <testcase classname="hr.fer.zemris.bool.MasksTest" name="fromIndexesTest" time="0.0" />
  <testcase classname="hr.fer.zemris.bool.MasksTest" name="fromStringsTest" time="0.0" />
  <system-out><![CDATA[]]></system-out>
  <system-err><![CDATA[]]></system-err>
</testsuite>
